<?xml version="1.0" encoding="UTF-8"?>
<!-- Generated by org.testng.reporters.JUnitReportReporter -->
<testsuite skipped="0" hostname="CBT-2F-301" name="Com_ActiTime_Test.VerifyversionTest" tests="2" failures="0" timestamp="2020-10-30T12:07:55 IST" time="43.087" errors="0">
  <testcase name="verifyVersion" time="37.130" classname="Com_ActiTime_Test.VerifyversionTest"/>
  <testcase name="verifyVersion" time="5.957" classname="Com_ActiTime_Test.VerifyversionTest"/>
</testsuite> <!-- Com_ActiTime_Test.VerifyversionTest -->
