<?xml version="1.0" encoding="UTF-8"?>
<!-- Generated by org.testng.reporters.JUnitReportReporter -->
<testsuite skipped="0" hostname="CBT-2F-301" name="Com_ActiTime_Test.validLoginLogoutTest" tests="2" failures="0" timestamp="2020-10-30T12:07:55 IST" time="124.951" errors="0">
  <testcase name="validLoginLogout" time="44.845" classname="Com_ActiTime_Test.validLoginLogoutTest"/>
  <testcase name="validLoginLogout" time="80.106" classname="Com_ActiTime_Test.validLoginLogoutTest"/>
</testsuite> <!-- Com_ActiTime_Test.validLoginLogoutTest -->
